<?xml version="1.0" encoding="UTF-8"?>
<!-- Generated by org.testng.reporters.JUnitReportReporter -->
<testsuite hostname="DESKTOP-3LAS9CR" failures="0" tests="14" name="DataDrivenFramework.DataDrivenFramWorkExcelAtaur" time="32.281" errors="0" timestamp="20 Jun 2018 00:15:19 GMT" skipped="0">
  <testcase classname="DataDrivenFramework.DataDrivenFramWorkExcelAtaur" name="FacebookSignUp" time="2.004"/>
  <testcase classname="DataDrivenFramework.DataDrivenFramWorkExcelAtaur" name="FacebookSignUp" time="2.184"/>
  <testcase classname="DataDrivenFramework.DataDrivenFramWorkExcelAtaur" name="FacebookSignUp" time="1.958"/>
  <testcase classname="DataDrivenFramework.DataDrivenFramWorkExcelAtaur" name="FacebookSignUp" time="2.540"/>
  <testcase classname="DataDrivenFramework.DataDrivenFramWorkExcelAtaur" name="FacebookSignUp" time="2.085"/>
  <testcase classname="DataDrivenFramework.DataDrivenFramWorkExcelAtaur" name="FacebookSignUp" time="2.089"/>
  <testcase classname="DataDrivenFramework.DataDrivenFramWorkExcelAtaur" name="FacebookSignUp" time="1.864"/>
  <testcase classname="DataDrivenFramework.DataDrivenFramWorkExcelAtaur" name="FacebookSignUp" time="1.957"/>
  <testcase classname="DataDrivenFramework.DataDrivenFramWorkExcelAtaur" name="FacebookSignUp" time="2.194"/>
  <testcase classname="DataDrivenFramework.DataDrivenFramWorkExcelAtaur" name="FacebookSignUp" time="2.118"/>
  <testcase classname="DataDrivenFramework.DataDrivenFramWorkExcelAtaur" name="FacebookSignUp" time="4.901"/>
  <testcase classname="DataDrivenFramework.DataDrivenFramWorkExcelAtaur" name="FacebookSignUp" time="1.893"/>
  <testcase classname="DataDrivenFramework.DataDrivenFramWorkExcelAtaur" name="FacebookSignUp" time="2.363"/>
  <testcase classname="DataDrivenFramework.DataDrivenFramWorkExcelAtaur" name="FacebookSignUp" time="2.131"/>
</testsuite> <!-- DataDrivenFramework.DataDrivenFramWorkExcelAtaur -->
