<?xml version="1.0" encoding="UTF-8"?>
<!-- Generated by org.testng.reporters.JUnitReportReporter -->
<testsuite hostname="DESKTOP-3LAS9CR" failures="0" tests="4" name="DataDrivenFramework.TestNGDataFramework" time="0.000" errors="0" timestamp="18 Jun 2018 20:22:10 GMT" skipped="4">
  <testcase classname="DataDrivenFramework.TestNGDataFramework" name="OurWebSiteSignUP" time="0.000">
    <skipped/>
  </testcase> <!-- OurWebSiteSignUP -->
  <testcase classname="DataDrivenFramework.TestNGDataFramework" name="OurWebSiteSignUP" time="0.000">
    <skipped/>
  </testcase> <!-- OurWebSiteSignUP -->
  <testcase classname="DataDrivenFramework.TestNGDataFramework" name="OurWebSiteSignUP" time="0.000">
    <skipped/>
  </testcase> <!-- OurWebSiteSignUP -->
  <testcase classname="DataDrivenFramework.TestNGDataFramework" name="OurWebSiteSignUP" time="0.000">
    <skipped/>
  </testcase> <!-- OurWebSiteSignUP -->
</testsuite> <!-- DataDrivenFramework.TestNGDataFramework -->
