<?xml version="1.0" encoding="UTF-8"?>
<!-- Generated by org.testng.reporters.JUnitReportReporter -->
<testsuite hostname="DESKTOP-3LAS9CR" failures="0" tests="1" name="DataDrivenFramework.DataDrivenExcel" time="0.000" errors="0" timestamp="18 Jun 2018 20:45:04 GMT" skipped="1">
  <testcase classname="DataDrivenFramework.DataDrivenExcel" name="OurWebSiteSignUP" time="0.000">
    <skipped/>
  </testcase> <!-- OurWebSiteSignUP -->
</testsuite> <!-- DataDrivenFramework.DataDrivenExcel -->
