<?xml version="1.0" encoding="UTF-8"?>
<!-- Generated by org.testng.reporters.JUnitReportReporter -->
<testsuite hostname="DESKTOP-3LAS9CR" failures="0" tests="1" name="pack1.Ourwebsite2TestNG" time="0.000" errors="0" timestamp="18 Jun 2018 20:22:10 GMT" skipped="1">
  <testcase classname="pack1.Ourwebsite2TestNG" name="OpenUrl" time="0.000">
    <skipped/>
  </testcase> <!-- OpenUrl -->
</testsuite> <!-- pack1.Ourwebsite2TestNG -->
