<?xml version="1.0" encoding="UTF-8"?>
<!-- Generated by org.testng.reporters.JUnitReportReporter -->
<testsuite hostname="DESKTOP-3LAS9CR" failures="0" tests="1" name="DataDrivenFramework.TestNGDataFrameworkExcelData" time="0.000" errors="0" timestamp="25 Jun 2018 14:27:01 GMT" skipped="1">
  <testcase classname="DataDrivenFramework.TestNGDataFrameworkExcelData" name="OurWebSiteSignUP" time="0.000">
    <skipped/>
  </testcase> <!-- OurWebSiteSignUP -->
</testsuite> <!-- DataDrivenFramework.TestNGDataFrameworkExcelData -->
